2024-05-27 11:35:01.976  INFO 16352 --- [main] c.o.mddapi.MddApiApplication             : Starting MddApiApplication using Java 11.0.22 on MacBook-Pro-de-Didier.local with PID 16352 (/Users/didierbd/NOMADS MEDIA Dropbox/Didier BD/DOCUMENTS/FORMATIONS/OPENCLASSROOMS/DEV FULL STACK et ANGULAR/P6 - Developpez una app full stack/OC-P6/back/target/classes started by didierbd in /Users/didierbd/NOMADS MEDIA Dropbox/Didier BD/DOCUMENTS/FORMATIONS/OPENCLASSROOMS/DEV FULL STACK et ANGULAR/P6 - Developpez una app full stack/OC-P6/back)
2024-05-27 11:35:01.980  INFO 16352 --- [main] c.o.mddapi.MddApiApplication             : No active profile set, falling back to 1 default profile: "default"
2024-05-27 11:35:02.246  INFO 16352 --- [main] .s.d.r.c.RepositoryConfigurationDelegate : Bootstrapping Spring Data JPA repositories in DEFAULT mode.
2024-05-27 11:35:02.269  INFO 16352 --- [main] .s.d.r.c.RepositoryConfigurationDelegate : Finished Spring Data repository scanning in 19 ms. Found 1 JPA repository interfaces.
2024-05-27 11:35:02.499  INFO 16352 --- [main] o.s.b.w.embedded.tomcat.TomcatWebServer  : Tomcat initialized with port(s): 8080 (http)
2024-05-27 11:35:02.504  INFO 16352 --- [main] o.apache.catalina.core.StandardService   : Starting service [Tomcat]
2024-05-27 11:35:02.504  INFO 16352 --- [main] org.apache.catalina.core.StandardEngine  : Starting Servlet engine: [Apache Tomcat/9.0.65]
2024-05-27 11:35:02.559  INFO 16352 --- [main] o.a.c.c.C.[Tomcat].[localhost].[/]       : Initializing Spring embedded WebApplicationContext
2024-05-27 11:35:02.559  INFO 16352 --- [main] w.s.c.ServletWebServerApplicationContext : Root WebApplicationContext: initialization completed in 558 ms
2024-05-27 11:35:02.587  WARN 16352 --- [main] JpaBaseConfiguration$JpaWebConfiguration : spring.jpa.open-in-view is enabled by default. Therefore, database queries may be performed during view rendering. Explicitly configure spring.jpa.open-in-view to disable this warning
2024-05-27 11:35:02.648  INFO 16352 --- [main] o.hibernate.jpa.internal.util.LogHelper  : HHH000204: Processing PersistenceUnitInfo [name: default]
2024-05-27 11:35:02.672  INFO 16352 --- [main] org.hibernate.Version                    : HHH000412: Hibernate ORM core version 5.4.27.Final
2024-05-27 11:35:02.738  INFO 16352 --- [main] o.hibernate.annotations.common.Version   : HCANN000001: Hibernate Commons Annotations {5.1.2.Final}
2024-05-27 11:35:02.776  INFO 16352 --- [main] com.zaxxer.hikari.HikariDataSource       : HikariPool-1 - Starting...
2024-05-27 11:35:03.059  INFO 16352 --- [main] com.zaxxer.hikari.HikariDataSource       : HikariPool-1 - Start completed.
2024-05-27 11:35:03.066  INFO 16352 --- [main] org.hibernate.dialect.Dialect            : HHH000400: Using dialect: org.hibernate.dialect.MySQL5InnoDBDialect
2024-05-27 11:35:03.369  INFO 16352 --- [main] o.h.e.t.j.p.i.JtaPlatformInitiator       : HHH000490: Using JtaPlatform implementation: [org.hibernate.engine.transaction.jta.platform.internal.NoJtaPlatform]
2024-05-27 11:35:03.373  INFO 16352 --- [main] j.LocalContainerEntityManagerFactoryBean : Initialized JPA EntityManagerFactory for persistence unit 'default'
2024-05-27 11:35:03.718  INFO 16352 --- [main] o.s.s.web.DefaultSecurityFilterChain     : Will secure any request with [org.springframework.security.web.session.DisableEncodeUrlFilter@29d563bd, org.springframework.security.web.context.request.async.WebAsyncManagerIntegrationFilter@73fe7483, org.springframework.security.web.context.SecurityContextPersistenceFilter@2c846d55, org.springframework.security.web.header.HeaderWriterFilter@28654aff, org.springframework.web.filter.CorsFilter@11577ab8, org.springframework.security.web.authentication.logout.LogoutFilter@5718e77c, com.openclassrooms.mddapi.security.jwt.AuthTokenFilter@7f8cd5fc, org.springframework.security.web.savedrequest.RequestCacheAwareFilter@67689c81, org.springframework.security.web.servletapi.SecurityContextHolderAwareRequestFilter@1f4cb17b, org.springframework.security.web.authentication.AnonymousAuthenticationFilter@5513a46b, org.springframework.security.web.session.SessionManagementFilter@67671db1, org.springframework.security.web.access.ExceptionTranslationFilter@c96c497, org.springframework.security.web.access.intercept.FilterSecurityInterceptor@220f6a3c]
2024-05-27 11:35:03.809  INFO 16352 --- [main] o.s.b.w.embedded.tomcat.TomcatWebServer  : Tomcat started on port(s): 8080 (http) with context path ''
2024-05-27 11:35:03.814  INFO 16352 --- [main] c.o.mddapi.MddApiApplication             : Started MddApiApplication in 2.053 seconds (JVM running for 2.21)
2024-05-27 13:10:18.671  WARN 16352 --- [HikariPool-1 housekeeper] com.zaxxer.hikari.pool.HikariPool        : HikariPool-1 - Thread starvation or clock leap detected (housekeeper delta=35m44s984ms).
2024-05-27 14:50:24.244  INFO 16352 --- [http-nio-8080-exec-1] o.a.c.c.C.[Tomcat].[localhost].[/]       : Initializing Spring DispatcherServlet 'dispatcherServlet'
2024-05-27 14:50:24.244  INFO 16352 --- [http-nio-8080-exec-1] o.s.web.servlet.DispatcherServlet        : Initializing Servlet 'dispatcherServlet'
2024-05-27 14:50:24.246  INFO 16352 --- [http-nio-8080-exec-1] o.s.web.servlet.DispatcherServlet        : Completed initialization in 2 ms
2024-05-27 15:07:14.732  WARN 16352 --- [HikariPool-1 housekeeper] com.zaxxer.hikari.pool.HikariPool        : HikariPool-1 - Thread starvation or clock leap detected (housekeeper delta=8m25s78ms).
2024-05-27 15:17:57.358  INFO 16352 --- [SpringApplicationShutdownHook] j.LocalContainerEntityManagerFactoryBean : Closing JPA EntityManagerFactory for persistence unit 'default'
2024-05-27 15:17:57.361  INFO 16352 --- [SpringApplicationShutdownHook] com.zaxxer.hikari.HikariDataSource       : HikariPool-1 - Shutdown initiated...
2024-05-27 15:17:57.366  INFO 16352 --- [SpringApplicationShutdownHook] com.zaxxer.hikari.HikariDataSource       : HikariPool-1 - Shutdown completed.
2024-05-27 15:18:02.477  INFO 21436 --- [main] c.o.mddapi.MddApiApplication             : Starting MddApiApplication using Java 11.0.22 on MacBook-Pro-de-Didier.local with PID 21436 (/Users/didierbd/NOMADS MEDIA Dropbox/Didier BD/DOCUMENTS/FORMATIONS/OPENCLASSROOMS/DEV FULL STACK et ANGULAR/P6 - Developpez una app full stack/OC-P6/back/target/classes started by didierbd in /Users/didierbd/NOMADS MEDIA Dropbox/Didier BD/DOCUMENTS/FORMATIONS/OPENCLASSROOMS/DEV FULL STACK et ANGULAR/P6 - Developpez una app full stack/OC-P6/back)
2024-05-27 15:18:02.478  INFO 21436 --- [main] c.o.mddapi.MddApiApplication             : No active profile set, falling back to 1 default profile: "default"
2024-05-27 15:18:02.741  INFO 21436 --- [main] .s.d.r.c.RepositoryConfigurationDelegate : Bootstrapping Spring Data JPA repositories in DEFAULT mode.
2024-05-27 15:18:02.762  INFO 21436 --- [main] .s.d.r.c.RepositoryConfigurationDelegate : Finished Spring Data repository scanning in 18 ms. Found 1 JPA repository interfaces.
2024-05-27 15:18:02.991  INFO 21436 --- [main] o.s.b.w.embedded.tomcat.TomcatWebServer  : Tomcat initialized with port(s): 8080 (http)
2024-05-27 15:18:02.996  INFO 21436 --- [main] o.apache.catalina.core.StandardService   : Starting service [Tomcat]
2024-05-27 15:18:02.996  INFO 21436 --- [main] org.apache.catalina.core.StandardEngine  : Starting Servlet engine: [Apache Tomcat/9.0.65]
2024-05-27 15:18:03.037  INFO 21436 --- [main] o.a.c.c.C.[Tomcat].[localhost].[/]       : Initializing Spring embedded WebApplicationContext
2024-05-27 15:18:03.037  INFO 21436 --- [main] w.s.c.ServletWebServerApplicationContext : Root WebApplicationContext: initialization completed in 542 ms
2024-05-27 15:18:03.064  WARN 21436 --- [main] JpaBaseConfiguration$JpaWebConfiguration : spring.jpa.open-in-view is enabled by default. Therefore, database queries may be performed during view rendering. Explicitly configure spring.jpa.open-in-view to disable this warning
2024-05-27 15:18:03.125  INFO 21436 --- [main] o.hibernate.jpa.internal.util.LogHelper  : HHH000204: Processing PersistenceUnitInfo [name: default]
2024-05-27 15:18:03.146  INFO 21436 --- [main] org.hibernate.Version                    : HHH000412: Hibernate ORM core version 5.4.27.Final
2024-05-27 15:18:03.223  INFO 21436 --- [main] o.hibernate.annotations.common.Version   : HCANN000001: Hibernate Commons Annotations {5.1.2.Final}
2024-05-27 15:18:03.262  INFO 21436 --- [main] com.zaxxer.hikari.HikariDataSource       : HikariPool-1 - Starting...
2024-05-27 15:18:03.424  INFO 21436 --- [main] com.zaxxer.hikari.HikariDataSource       : HikariPool-1 - Start completed.
2024-05-27 15:18:03.430  INFO 21436 --- [main] org.hibernate.dialect.Dialect            : HHH000400: Using dialect: org.hibernate.dialect.MySQL5InnoDBDialect
2024-05-27 15:18:03.667  INFO 21436 --- [main] o.h.e.t.j.p.i.JtaPlatformInitiator       : HHH000490: Using JtaPlatform implementation: [org.hibernate.engine.transaction.jta.platform.internal.NoJtaPlatform]
2024-05-27 15:18:03.670  INFO 21436 --- [main] j.LocalContainerEntityManagerFactoryBean : Initialized JPA EntityManagerFactory for persistence unit 'default'
2024-05-27 15:18:04.011  INFO 21436 --- [main] o.s.s.web.DefaultSecurityFilterChain     : Will secure any request with [org.springframework.security.web.session.DisableEncodeUrlFilter@230d013b, org.springframework.security.web.context.request.async.WebAsyncManagerIntegrationFilter@6e225c34, org.springframework.security.web.context.SecurityContextPersistenceFilter@55c341d0, org.springframework.security.web.header.HeaderWriterFilter@726d8fa0, org.springframework.web.filter.CorsFilter@5d84b088, org.springframework.security.web.authentication.logout.LogoutFilter@1f4cb17b, com.openclassrooms.mddapi.security.jwt.AuthTokenFilter@13ddaffb, org.springframework.security.web.savedrequest.RequestCacheAwareFilter@3d73cd78, org.springframework.security.web.servletapi.SecurityContextHolderAwareRequestFilter@126d8659, org.springframework.security.web.authentication.AnonymousAuthenticationFilter@69c0bae6, org.springframework.security.web.session.SessionManagementFilter@67ceaa9, org.springframework.security.web.access.ExceptionTranslationFilter@64b8eb96, org.springframework.security.web.access.intercept.FilterSecurityInterceptor@1958524b]
2024-05-27 15:18:04.110  INFO 21436 --- [main] o.s.b.w.embedded.tomcat.TomcatWebServer  : Tomcat started on port(s): 8080 (http) with context path ''
2024-05-27 15:18:04.115  INFO 21436 --- [main] c.o.mddapi.MddApiApplication             : Started MddApiApplication in 1.823 seconds (JVM running for 1.982)
2024-05-27 15:47:22.939  INFO 21436 --- [http-nio-8080-exec-1] o.a.c.c.C.[Tomcat].[localhost].[/]       : Initializing Spring DispatcherServlet 'dispatcherServlet'
2024-05-27 15:47:22.940  INFO 21436 --- [http-nio-8080-exec-1] o.s.web.servlet.DispatcherServlet        : Initializing Servlet 'dispatcherServlet'
2024-05-27 15:47:22.941  INFO 21436 --- [http-nio-8080-exec-1] o.s.web.servlet.DispatcherServlet        : Completed initialization in 1 ms
2024-05-27 15:47:23.245 ERROR 21436 --- [http-nio-8080-exec-1] c.o.m.security.jwt.AuthEntryPointJwt     : Unauthorized error: Bad credentials
2024-05-27 15:51:15.758  INFO 21436 --- [SpringApplicationShutdownHook] j.LocalContainerEntityManagerFactoryBean : Closing JPA EntityManagerFactory for persistence unit 'default'
2024-05-27 15:51:15.760  INFO 21436 --- [SpringApplicationShutdownHook] com.zaxxer.hikari.HikariDataSource       : HikariPool-1 - Shutdown initiated...
2024-05-27 15:51:15.770  INFO 21436 --- [SpringApplicationShutdownHook] com.zaxxer.hikari.HikariDataSource       : HikariPool-1 - Shutdown completed.
2024-05-27 15:51:42.107  INFO 23623 --- [main] c.o.mddapi.MddApiApplication             : Starting MddApiApplication using Java 11.0.22 on MacBook-Pro-de-Didier.local with PID 23623 (/Users/didierbd/NOMADS MEDIA Dropbox/Didier BD/DOCUMENTS/FORMATIONS/OPENCLASSROOMS/DEV FULL STACK et ANGULAR/P6 - Developpez una app full stack/OC-P6/back/target/classes started by didierbd in /Users/didierbd/NOMADS MEDIA Dropbox/Didier BD/DOCUMENTS/FORMATIONS/OPENCLASSROOMS/DEV FULL STACK et ANGULAR/P6 - Developpez una app full stack/OC-P6/back)
2024-05-27 15:51:42.108  INFO 23623 --- [main] c.o.mddapi.MddApiApplication             : No active profile set, falling back to 1 default profile: "default"
2024-05-27 15:51:42.353  INFO 23623 --- [main] .s.d.r.c.RepositoryConfigurationDelegate : Bootstrapping Spring Data JPA repositories in DEFAULT mode.
2024-05-27 15:51:42.376  INFO 23623 --- [main] .s.d.r.c.RepositoryConfigurationDelegate : Finished Spring Data repository scanning in 20 ms. Found 1 JPA repository interfaces.
2024-05-27 15:51:42.590  INFO 23623 --- [main] o.s.b.w.embedded.tomcat.TomcatWebServer  : Tomcat initialized with port(s): 8080 (http)
2024-05-27 15:51:42.594  INFO 23623 --- [main] o.apache.catalina.core.StandardService   : Starting service [Tomcat]
2024-05-27 15:51:42.594  INFO 23623 --- [main] org.apache.catalina.core.StandardEngine  : Starting Servlet engine: [Apache Tomcat/9.0.65]
2024-05-27 15:51:42.629  INFO 23623 --- [main] o.a.c.c.C.[Tomcat].[localhost].[/]       : Initializing Spring embedded WebApplicationContext
2024-05-27 15:51:42.629  INFO 23623 --- [main] w.s.c.ServletWebServerApplicationContext : Root WebApplicationContext: initialization completed in 503 ms
2024-05-27 15:51:42.651  WARN 23623 --- [main] JpaBaseConfiguration$JpaWebConfiguration : spring.jpa.open-in-view is enabled by default. Therefore, database queries may be performed during view rendering. Explicitly configure spring.jpa.open-in-view to disable this warning
2024-05-27 15:51:42.704  INFO 23623 --- [main] o.hibernate.jpa.internal.util.LogHelper  : HHH000204: Processing PersistenceUnitInfo [name: default]
2024-05-27 15:51:42.723  INFO 23623 --- [main] org.hibernate.Version                    : HHH000412: Hibernate ORM core version 5.4.27.Final
2024-05-27 15:51:42.791  INFO 23623 --- [main] o.hibernate.annotations.common.Version   : HCANN000001: Hibernate Commons Annotations {5.1.2.Final}
2024-05-27 15:51:42.824  INFO 23623 --- [main] com.zaxxer.hikari.HikariDataSource       : HikariPool-1 - Starting...
2024-05-27 15:51:42.954  INFO 23623 --- [main] com.zaxxer.hikari.HikariDataSource       : HikariPool-1 - Start completed.
2024-05-27 15:51:42.960  INFO 23623 --- [main] org.hibernate.dialect.Dialect            : HHH000400: Using dialect: org.hibernate.dialect.MySQL5InnoDBDialect
2024-05-27 15:51:43.171  INFO 23623 --- [main] o.h.e.t.j.p.i.JtaPlatformInitiator       : HHH000490: Using JtaPlatform implementation: [org.hibernate.engine.transaction.jta.platform.internal.NoJtaPlatform]
2024-05-27 15:51:43.174  INFO 23623 --- [main] j.LocalContainerEntityManagerFactoryBean : Initialized JPA EntityManagerFactory for persistence unit 'default'
2024-05-27 15:51:43.515  INFO 23623 --- [main] o.s.s.web.DefaultSecurityFilterChain     : Will secure any request with [org.springframework.security.web.session.DisableEncodeUrlFilter@3225d950, org.springframework.security.web.context.request.async.WebAsyncManagerIntegrationFilter@1be427b4, org.springframework.security.web.context.SecurityContextPersistenceFilter@c86c486, org.springframework.security.web.header.HeaderWriterFilter@64b8eb96, org.springframework.web.filter.CorsFilter@470a446f, org.springframework.security.web.authentication.logout.LogoutFilter@21a0795f, com.openclassrooms.mddapi.security.jwt.AuthTokenFilter@de63949, org.springframework.security.web.savedrequest.RequestCacheAwareFilter@3ea6faf0, org.springframework.security.web.servletapi.SecurityContextHolderAwareRequestFilter@2f2dc407, org.springframework.security.web.authentication.AnonymousAuthenticationFilter@55315a00, org.springframework.security.web.session.SessionManagementFilter@508b4f70, org.springframework.security.web.access.ExceptionTranslationFilter@42734b71, org.springframework.security.web.access.intercept.FilterSecurityInterceptor@64fba3e6]
2024-05-27 15:51:43.609  INFO 23623 --- [main] o.s.b.w.embedded.tomcat.TomcatWebServer  : Tomcat started on port(s): 8080 (http) with context path ''
2024-05-27 15:51:43.613  INFO 23623 --- [main] c.o.mddapi.MddApiApplication             : Started MddApiApplication in 1.672 seconds (JVM running for 1.823)
2024-05-27 15:54:04.891  INFO 23623 --- [http-nio-8080-exec-1] o.a.c.c.C.[Tomcat].[localhost].[/]       : Initializing Spring DispatcherServlet 'dispatcherServlet'
2024-05-27 15:54:04.892  INFO 23623 --- [http-nio-8080-exec-1] o.s.web.servlet.DispatcherServlet        : Initializing Servlet 'dispatcherServlet'
2024-05-27 15:54:04.893  INFO 23623 --- [http-nio-8080-exec-1] o.s.web.servlet.DispatcherServlet        : Completed initialization in 1 ms
2024-05-27 15:54:05.157 ERROR 23623 --- [http-nio-8080-exec-1] c.o.m.security.jwt.AuthEntryPointJwt     : Unauthorized error: Bad credentials
2024-05-27 15:58:23.063 ERROR 23623 --- [http-nio-8080-exec-2] c.o.m.security.jwt.AuthEntryPointJwt     : Unauthorized error: Bad credentials
2024-05-27 16:18:37.048 ERROR 23623 --- [http-nio-8080-exec-3] c.o.m.security.jwt.AuthEntryPointJwt     : Unauthorized error: Bad credentials
2024-05-27 16:30:13.226 ERROR 23623 --- [http-nio-8080-exec-4] c.o.m.security.jwt.AuthEntryPointJwt     : Unauthorized error: Bad credentials
2024-05-27 16:32:17.948 ERROR 23623 --- [http-nio-8080-exec-6] c.o.m.security.jwt.AuthEntryPointJwt     : Unauthorized error: Bad credentials
2024-05-27 16:40:33.492 ERROR 23623 --- [http-nio-8080-exec-2] c.o.m.security.jwt.AuthEntryPointJwt     : Unauthorized error: Bad credentials
2024-05-27 16:47:46.027 ERROR 23623 --- [http-nio-8080-exec-3] o.a.c.c.C.[.[.[/].[dispatcherServlet]    : Servlet.service() for servlet [dispatcherServlet] in context with path [] threw exception [Request processing failed; nested exception is java.lang.NullPointerException: userName is marked non-null but is null] with root cause

java.lang.NullPointerException: userName is marked non-null but is null
	at com.openclassrooms.mddapi.models.User.<init>(User.java:27) ~[classes/:na]
	at com.openclassrooms.mddapi.controllers.AuthController.registerUser(AuthController.java:100) ~[classes/:na]
	at java.base/jdk.internal.reflect.NativeMethodAccessorImpl.invoke0(Native Method) ~[na:na]
	at java.base/jdk.internal.reflect.NativeMethodAccessorImpl.invoke(NativeMethodAccessorImpl.java:62) ~[na:na]
	at java.base/jdk.internal.reflect.DelegatingMethodAccessorImpl.invoke(DelegatingMethodAccessorImpl.java:43) ~[na:na]
	at java.base/java.lang.reflect.Method.invoke(Method.java:566) ~[na:na]
	at org.springframework.web.method.support.InvocableHandlerMethod.doInvoke(InvocableHandlerMethod.java:205) ~[spring-web-5.3.22.jar:5.3.22]
	at org.springframework.web.method.support.InvocableHandlerMethod.invokeForRequest(InvocableHandlerMethod.java:150) ~[spring-web-5.3.22.jar:5.3.22]
	at org.springframework.web.servlet.mvc.method.annotation.ServletInvocableHandlerMethod.invokeAndHandle(ServletInvocableHandlerMethod.java:117) ~[spring-webmvc-5.3.22.jar:5.3.22]
	at org.springframework.web.servlet.mvc.method.annotation.RequestMappingHandlerAdapter.invokeHandlerMethod(RequestMappingHandlerAdapter.java:895) ~[spring-webmvc-5.3.22.jar:5.3.22]
	at org.springframework.web.servlet.mvc.method.annotation.RequestMappingHandlerAdapter.handleInternal(RequestMappingHandlerAdapter.java:808) ~[spring-webmvc-5.3.22.jar:5.3.22]
	at org.springframework.web.servlet.mvc.method.AbstractHandlerMethodAdapter.handle(AbstractHandlerMethodAdapter.java:87) ~[spring-webmvc-5.3.22.jar:5.3.22]
	at org.springframework.web.servlet.DispatcherServlet.doDispatch(DispatcherServlet.java:1070) ~[spring-webmvc-5.3.22.jar:5.3.22]
	at org.springframework.web.servlet.DispatcherServlet.doService(DispatcherServlet.java:963) ~[spring-webmvc-5.3.22.jar:5.3.22]
	at org.springframework.web.servlet.FrameworkServlet.processRequest(FrameworkServlet.java:1006) ~[spring-webmvc-5.3.22.jar:5.3.22]
	at org.springframework.web.servlet.FrameworkServlet.doPost(FrameworkServlet.java:909) ~[spring-webmvc-5.3.22.jar:5.3.22]
	at javax.servlet.http.HttpServlet.service(HttpServlet.java:681) ~[tomcat-embed-core-9.0.65.jar:4.0.FR]
	at org.springframework.web.servlet.FrameworkServlet.service(FrameworkServlet.java:883) ~[spring-webmvc-5.3.22.jar:5.3.22]
	at javax.servlet.http.HttpServlet.service(HttpServlet.java:764) ~[tomcat-embed-core-9.0.65.jar:4.0.FR]
	at org.apache.catalina.core.ApplicationFilterChain.internalDoFilter(ApplicationFilterChain.java:227) ~[tomcat-embed-core-9.0.65.jar:9.0.65]
	at org.apache.catalina.core.ApplicationFilterChain.doFilter(ApplicationFilterChain.java:162) ~[tomcat-embed-core-9.0.65.jar:9.0.65]
	at org.apache.tomcat.websocket.server.WsFilter.doFilter(WsFilter.java:53) ~[tomcat-embed-websocket-9.0.65.jar:9.0.65]
	at org.apache.catalina.core.ApplicationFilterChain.internalDoFilter(ApplicationFilterChain.java:189) ~[tomcat-embed-core-9.0.65.jar:9.0.65]
	at org.apache.catalina.core.ApplicationFilterChain.doFilter(ApplicationFilterChain.java:162) ~[tomcat-embed-core-9.0.65.jar:9.0.65]
	at org.springframework.web.filter.OncePerRequestFilter.doFilter(OncePerRequestFilter.java:111) ~[spring-web-5.3.22.jar:5.3.22]
	at org.apache.catalina.core.ApplicationFilterChain.internalDoFilter(ApplicationFilterChain.java:189) ~[tomcat-embed-core-9.0.65.jar:9.0.65]
	at org.apache.catalina.core.ApplicationFilterChain.doFilter(ApplicationFilterChain.java:162) ~[tomcat-embed-core-9.0.65.jar:9.0.65]
	at org.springframework.security.web.FilterChainProxy$VirtualFilterChain.doFilter(FilterChainProxy.java:337) ~[spring-security-web-5.7.3.jar:5.7.3]
	at org.springframework.security.web.access.intercept.FilterSecurityInterceptor.invoke(FilterSecurityInterceptor.java:115) ~[spring-security-web-5.7.3.jar:5.7.3]
	at org.springframework.security.web.access.intercept.FilterSecurityInterceptor.doFilter(FilterSecurityInterceptor.java:81) ~[spring-security-web-5.7.3.jar:5.7.3]
	at org.springframework.security.web.FilterChainProxy$VirtualFilterChain.doFilter(FilterChainProxy.java:346) ~[spring-security-web-5.7.3.jar:5.7.3]
	at org.springframework.security.web.access.ExceptionTranslationFilter.doFilter(ExceptionTranslationFilter.java:122) ~[spring-security-web-5.7.3.jar:5.7.3]
	at org.springframework.security.web.access.ExceptionTranslationFilter.doFilter(ExceptionTranslationFilter.java:116) ~[spring-security-web-5.7.3.jar:5.7.3]
	at org.springframework.security.web.FilterChainProxy$VirtualFilterChain.doFilter(FilterChainProxy.java:346) ~[spring-security-web-5.7.3.jar:5.7.3]
	at org.springframework.security.web.session.SessionManagementFilter.doFilter(SessionManagementFilter.java:126) ~[spring-security-web-5.7.3.jar:5.7.3]
	at org.springframework.security.web.session.SessionManagementFilter.doFilter(SessionManagementFilter.java:81) ~[spring-security-web-5.7.3.jar:5.7.3]
	at org.springframework.security.web.FilterChainProxy$VirtualFilterChain.doFilter(FilterChainProxy.java:346) ~[spring-security-web-5.7.3.jar:5.7.3]
	at org.springframework.security.web.authentication.AnonymousAuthenticationFilter.doFilter(AnonymousAuthenticationFilter.java:109) ~[spring-security-web-5.7.3.jar:5.7.3]
	at org.springframework.security.web.FilterChainProxy$VirtualFilterChain.doFilter(FilterChainProxy.java:346) ~[spring-security-web-5.7.3.jar:5.7.3]
	at org.springframework.security.web.servletapi.SecurityContextHolderAwareRequestFilter.doFilter(SecurityContextHolderAwareRequestFilter.java:149) ~[spring-security-web-5.7.3.jar:5.7.3]
	at org.springframework.security.web.FilterChainProxy$VirtualFilterChain.doFilter(FilterChainProxy.java:346) ~[spring-security-web-5.7.3.jar:5.7.3]
	at org.springframework.security.web.savedrequest.RequestCacheAwareFilter.doFilter(RequestCacheAwareFilter.java:63) ~[spring-security-web-5.7.3.jar:5.7.3]
	at org.springframework.security.web.FilterChainProxy$VirtualFilterChain.doFilter(FilterChainProxy.java:346) ~[spring-security-web-5.7.3.jar:5.7.3]
	at com.openclassrooms.mddapi.security.jwt.AuthTokenFilter.doFilterInternal(AuthTokenFilter.java:67) ~[classes/:na]
	at org.springframework.web.filter.OncePerRequestFilter.doFilter(OncePerRequestFilter.java:117) ~[spring-web-5.3.22.jar:5.3.22]
	at org.springframework.security.web.FilterChainProxy$VirtualFilterChain.doFilter(FilterChainProxy.java:346) ~[spring-security-web-5.7.3.jar:5.7.3]
	at org.springframework.security.web.authentication.logout.LogoutFilter.doFilter(LogoutFilter.java:103) ~[spring-security-web-5.7.3.jar:5.7.3]
	at org.springframework.security.web.authentication.logout.LogoutFilter.doFilter(LogoutFilter.java:89) ~[spring-security-web-5.7.3.jar:5.7.3]
	at org.springframework.security.web.FilterChainProxy$VirtualFilterChain.doFilter(FilterChainProxy.java:346) ~[spring-security-web-5.7.3.jar:5.7.3]
	at org.springframework.web.filter.CorsFilter.doFilterInternal(CorsFilter.java:91) ~[spring-web-5.3.22.jar:5.3.22]
	at org.springframework.web.filter.OncePerRequestFilter.doFilter(OncePerRequestFilter.java:117) ~[spring-web-5.3.22.jar:5.3.22]
	at org.springframework.security.web.FilterChainProxy$VirtualFilterChain.doFilter(FilterChainProxy.java:346) ~[spring-security-web-5.7.3.jar:5.7.3]
	at org.springframework.security.web.header.HeaderWriterFilter.doHeadersAfter(HeaderWriterFilter.java:90) ~[spring-security-web-5.7.3.jar:5.7.3]
	at org.springframework.security.web.header.HeaderWriterFilter.doFilterInternal(HeaderWriterFilter.java:75) ~[spring-security-web-5.7.3.jar:5.7.3]
	at org.springframework.web.filter.OncePerRequestFilter.doFilter(OncePerRequestFilter.java:117) ~[spring-web-5.3.22.jar:5.3.22]
	at org.springframework.security.web.FilterChainProxy$VirtualFilterChain.doFilter(FilterChainProxy.java:346) ~[spring-security-web-5.7.3.jar:5.7.3]
	at org.springframework.security.web.context.SecurityContextPersistenceFilter.doFilter(SecurityContextPersistenceFilter.java:112) ~[spring-security-web-5.7.3.jar:5.7.3]
	at org.springframework.security.web.context.SecurityContextPersistenceFilter.doFilter(SecurityContextPersistenceFilter.java:82) ~[spring-security-web-5.7.3.jar:5.7.3]
	at org.springframework.security.web.FilterChainProxy$VirtualFilterChain.doFilter(FilterChainProxy.java:346) ~[spring-security-web-5.7.3.jar:5.7.3]
	at org.springframework.security.web.context.request.async.WebAsyncManagerIntegrationFilter.doFilterInternal(WebAsyncManagerIntegrationFilter.java:55) ~[spring-security-web-5.7.3.jar:5.7.3]
	at org.springframework.web.filter.OncePerRequestFilter.doFilter(OncePerRequestFilter.java:117) ~[spring-web-5.3.22.jar:5.3.22]
	at org.springframework.security.web.FilterChainProxy$VirtualFilterChain.doFilter(FilterChainProxy.java:346) ~[spring-security-web-5.7.3.jar:5.7.3]
	at org.springframework.security.web.session.DisableEncodeUrlFilter.doFilterInternal(DisableEncodeUrlFilter.java:42) ~[spring-security-web-5.7.3.jar:5.7.3]
	at org.springframework.web.filter.OncePerRequestFilter.doFilter(OncePerRequestFilter.java:117) ~[spring-web-5.3.22.jar:5.3.22]
	at org.springframework.security.web.FilterChainProxy$VirtualFilterChain.doFilter(FilterChainProxy.java:346) ~[spring-security-web-5.7.3.jar:5.7.3]
	at org.springframework.security.web.FilterChainProxy.doFilterInternal(FilterChainProxy.java:221) ~[spring-security-web-5.7.3.jar:5.7.3]
	at org.springframework.security.web.FilterChainProxy.doFilter(FilterChainProxy.java:186) ~[spring-security-web-5.7.3.jar:5.7.3]
	at org.springframework.web.filter.DelegatingFilterProxy.invokeDelegate(DelegatingFilterProxy.java:354) ~[spring-web-5.3.22.jar:5.3.22]
	at org.springframework.web.filter.DelegatingFilterProxy.doFilter(DelegatingFilterProxy.java:267) ~[spring-web-5.3.22.jar:5.3.22]
	at org.apache.catalina.core.ApplicationFilterChain.internalDoFilter(ApplicationFilterChain.java:189) ~[tomcat-embed-core-9.0.65.jar:9.0.65]
	at org.apache.catalina.core.ApplicationFilterChain.doFilter(ApplicationFilterChain.java:162) ~[tomcat-embed-core-9.0.65.jar:9.0.65]
	at org.springframework.web.filter.RequestContextFilter.doFilterInternal(RequestContextFilter.java:100) ~[spring-web-5.3.22.jar:5.3.22]
	at org.springframework.web.filter.OncePerRequestFilter.doFilter(OncePerRequestFilter.java:117) ~[spring-web-5.3.22.jar:5.3.22]
	at org.apache.catalina.core.ApplicationFilterChain.internalDoFilter(ApplicationFilterChain.java:189) ~[tomcat-embed-core-9.0.65.jar:9.0.65]
	at org.apache.catalina.core.ApplicationFilterChain.doFilter(ApplicationFilterChain.java:162) ~[tomcat-embed-core-9.0.65.jar:9.0.65]
	at org.springframework.web.filter.FormContentFilter.doFilterInternal(FormContentFilter.java:93) ~[spring-web-5.3.22.jar:5.3.22]
	at org.springframework.web.filter.OncePerRequestFilter.doFilter(OncePerRequestFilter.java:117) ~[spring-web-5.3.22.jar:5.3.22]
	at org.apache.catalina.core.ApplicationFilterChain.internalDoFilter(ApplicationFilterChain.java:189) ~[tomcat-embed-core-9.0.65.jar:9.0.65]
	at org.apache.catalina.core.ApplicationFilterChain.doFilter(ApplicationFilterChain.java:162) ~[tomcat-embed-core-9.0.65.jar:9.0.65]
	at org.springframework.web.filter.CharacterEncodingFilter.doFilterInternal(CharacterEncodingFilter.java:201) ~[spring-web-5.3.22.jar:5.3.22]
	at org.springframework.web.filter.OncePerRequestFilter.doFilter(OncePerRequestFilter.java:117) ~[spring-web-5.3.22.jar:5.3.22]
	at org.apache.catalina.core.ApplicationFilterChain.internalDoFilter(ApplicationFilterChain.java:189) ~[tomcat-embed-core-9.0.65.jar:9.0.65]
	at org.apache.catalina.core.ApplicationFilterChain.doFilter(ApplicationFilterChain.java:162) ~[tomcat-embed-core-9.0.65.jar:9.0.65]
	at org.apache.catalina.core.StandardWrapperValve.invoke(StandardWrapperValve.java:197) ~[tomcat-embed-core-9.0.65.jar:9.0.65]
	at org.apache.catalina.core.StandardContextValve.invoke(StandardContextValve.java:97) ~[tomcat-embed-core-9.0.65.jar:9.0.65]
	at org.apache.catalina.authenticator.AuthenticatorBase.invoke(AuthenticatorBase.java:541) ~[tomcat-embed-core-9.0.65.jar:9.0.65]
	at org.apache.catalina.core.StandardHostValve.invoke(StandardHostValve.java:135) ~[tomcat-embed-core-9.0.65.jar:9.0.65]
	at org.apache.catalina.valves.ErrorReportValve.invoke(ErrorReportValve.java:92) ~[tomcat-embed-core-9.0.65.jar:9.0.65]
	at org.apache.catalina.core.StandardEngineValve.invoke(StandardEngineValve.java:78) ~[tomcat-embed-core-9.0.65.jar:9.0.65]
	at org.apache.catalina.connector.CoyoteAdapter.service(CoyoteAdapter.java:360) ~[tomcat-embed-core-9.0.65.jar:9.0.65]
	at org.apache.coyote.http11.Http11Processor.service(Http11Processor.java:399) ~[tomcat-embed-core-9.0.65.jar:9.0.65]
	at org.apache.coyote.AbstractProcessorLight.process(AbstractProcessorLight.java:65) ~[tomcat-embed-core-9.0.65.jar:9.0.65]
	at org.apache.coyote.AbstractProtocol$ConnectionHandler.process(AbstractProtocol.java:890) ~[tomcat-embed-core-9.0.65.jar:9.0.65]
	at org.apache.tomcat.util.net.NioEndpoint$SocketProcessor.doRun(NioEndpoint.java:1789) ~[tomcat-embed-core-9.0.65.jar:9.0.65]
	at org.apache.tomcat.util.net.SocketProcessorBase.run(SocketProcessorBase.java:49) ~[tomcat-embed-core-9.0.65.jar:9.0.65]
	at org.apache.tomcat.util.threads.ThreadPoolExecutor.runWorker(ThreadPoolExecutor.java:1191) ~[tomcat-embed-core-9.0.65.jar:9.0.65]
	at org.apache.tomcat.util.threads.ThreadPoolExecutor$Worker.run(ThreadPoolExecutor.java:659) ~[tomcat-embed-core-9.0.65.jar:9.0.65]
	at org.apache.tomcat.util.threads.TaskThread$WrappingRunnable.run(TaskThread.java:61) ~[tomcat-embed-core-9.0.65.jar:9.0.65]
	at java.base/java.lang.Thread.run(Thread.java:829) ~[na:na]

2024-05-27 17:57:46.336  INFO 23623 --- [SpringApplicationShutdownHook] j.LocalContainerEntityManagerFactoryBean : Closing JPA EntityManagerFactory for persistence unit 'default'
2024-05-27 17:57:46.341  INFO 23623 --- [SpringApplicationShutdownHook] com.zaxxer.hikari.HikariDataSource       : HikariPool-1 - Shutdown initiated...
2024-05-27 17:57:46.352  INFO 23623 --- [SpringApplicationShutdownHook] com.zaxxer.hikari.HikariDataSource       : HikariPool-1 - Shutdown completed.
